Info: Starting: Create block symbol file (.bsf)
Info: qsys-generate C:\Users\lobok\Desktop\Empotrados\soc_reproductor_audio\socaudio.qsys --block-symbol-file --output-directory=C:\Users\lobok\Desktop\Empotrados\soc_reproductor_audio\socaudio --family="Cyclone V" --part=5CSEMA5F31C6
Progress: Loading soc_reproductor_audio/socaudio.qsys
Progress: Reading input file
Progress: Adding AUDIO [altera_up_avalon_audio 18.0]
Progress: Parameterizing module AUDIO
Progress: Adding AUDIO_CLOCK [altera_up_avalon_audio_pll 18.0]
Progress: Parameterizing module AUDIO_CLOCK
Progress: Adding BUTTONS [altera_avalon_pio 18.0]
Progress: Parameterizing module BUTTONS
Progress: Adding CLK [clock_source 18.0]
Progress: Parameterizing module CLK
Progress: Adding JTAG_UART [altera_avalon_jtag_uart 18.0]
Progress: Parameterizing module JTAG_UART
Progress: Adding NIOS [altera_nios2_gen2 18.0]
Progress: Parameterizing module NIOS
Progress: Adding RAM [altera_avalon_onchip_memory2 18.0]
Progress: Parameterizing module RAM
Progress: Adding SEVEN_SEGMENTS [altera_avalon_pio 18.0]
Progress: Parameterizing module SEVEN_SEGMENTS
Progress: Adding TIMER [altera_avalon_timer 18.0]
Progress: Parameterizing module TIMER
Progress: Building connections
Progress: Parameterizing connections
Progress: Validating
Progress: Done reading input file
Info: socaudio.BUTTONS: PIO inputs are not hardwired in test bench. Undefined values will be read from PIO inputs during simulation.
Info: socaudio.JTAG_UART: JTAG UART IP input clock need to be at least double (2x) the operating frequency of JTAG TCK on board
Info: qsys-generate succeeded.
Info: Finished: Create block symbol file (.bsf)
Info: 
Info: Starting: Create HDL design files for synthesis
Info: qsys-generate C:\Users\lobok\Desktop\Empotrados\soc_reproductor_audio\socaudio.qsys --synthesis=VERILOG --output-directory=C:\Users\lobok\Desktop\Empotrados\soc_reproductor_audio\socaudio\synthesis --family="Cyclone V" --part=5CSEMA5F31C6
Progress: Loading soc_reproductor_audio/socaudio.qsys
Progress: Reading input file
Progress: Adding AUDIO [altera_up_avalon_audio 18.0]
Progress: Parameterizing module AUDIO
Progress: Adding AUDIO_CLOCK [altera_up_avalon_audio_pll 18.0]
Progress: Parameterizing module AUDIO_CLOCK
Progress: Adding BUTTONS [altera_avalon_pio 18.0]
Progress: Parameterizing module BUTTONS
Progress: Adding CLK [clock_source 18.0]
Progress: Parameterizing module CLK
Progress: Adding JTAG_UART [altera_avalon_jtag_uart 18.0]
Progress: Parameterizing module JTAG_UART
Progress: Adding NIOS [altera_nios2_gen2 18.0]
Progress: Parameterizing module NIOS
Progress: Adding RAM [altera_avalon_onchip_memory2 18.0]
Progress: Parameterizing module RAM
Progress: Adding SEVEN_SEGMENTS [altera_avalon_pio 18.0]
Progress: Parameterizing module SEVEN_SEGMENTS
Progress: Adding TIMER [altera_avalon_timer 18.0]
Progress: Parameterizing module TIMER
Progress: Building connections
Progress: Parameterizing connections
Progress: Validating
Progress: Done reading input file
Info: socaudio.BUTTONS: PIO inputs are not hardwired in test bench. Undefined values will be read from PIO inputs during simulation.
Info: socaudio.JTAG_UART: JTAG UART IP input clock need to be at least double (2x) the operating frequency of JTAG TCK on board
Info: socaudio: Generating socaudio "socaudio" for QUARTUS_SYNTH
Info: AUDIO: Starting Generation of Audio Controller
Info: AUDIO: "socaudio" instantiated altera_up_avalon_audio "AUDIO"
Info: AUDIO_CLOCK: "socaudio" instantiated altera_up_avalon_audio_pll "AUDIO_CLOCK"
Info: BUTTONS: Starting RTL generation for module 'socaudio_BUTTONS'
Info: BUTTONS:   Generation command is [exec C:/intelfpga_lite/18.0/quartus/bin64/perl/bin/perl.exe -I C:/intelfpga_lite/18.0/quartus/bin64/perl/lib -I C:/intelfpga_lite/18.0/quartus/sopc_builder/bin/europa -I C:/intelfpga_lite/18.0/quartus/sopc_builder/bin/perl_lib -I C:/intelfpga_lite/18.0/quartus/sopc_builder/bin -I C:/intelfpga_lite/18.0/quartus/../ip/altera/sopc_builder_ip/common -I C:/intelfpga_lite/18.0/quartus/../ip/altera/sopc_builder_ip/altera_avalon_pio -- C:/intelfpga_lite/18.0/quartus/../ip/altera/sopc_builder_ip/altera_avalon_pio/generate_rtl.pl --name=socaudio_BUTTONS --dir=C:/Users/lobok/AppData/Local/Temp/alt0244_5285670702240720708.dir/0033_BUTTONS_gen/ --quartus_dir=C:/intelfpga_lite/18.0/quartus --verilog --config=C:/Users/lobok/AppData/Local/Temp/alt0244_5285670702240720708.dir/0033_BUTTONS_gen//socaudio_BUTTONS_component_configuration.pl  --do_build_sim=0  ]
Info: BUTTONS: Done RTL generation for module 'socaudio_BUTTONS'
Info: BUTTONS: "socaudio" instantiated altera_avalon_pio "BUTTONS"
Info: JTAG_UART: Starting RTL generation for module 'socaudio_JTAG_UART'
Info: JTAG_UART:   Generation command is [exec C:/intelfpga_lite/18.0/quartus/bin64/perl/bin/perl.exe -I C:/intelfpga_lite/18.0/quartus/bin64/perl/lib -I C:/intelfpga_lite/18.0/quartus/sopc_builder/bin/europa -I C:/intelfpga_lite/18.0/quartus/sopc_builder/bin/perl_lib -I C:/intelfpga_lite/18.0/quartus/sopc_builder/bin -I C:/intelfpga_lite/18.0/quartus/../ip/altera/sopc_builder_ip/common -I C:/intelfpga_lite/18.0/quartus/../ip/altera/sopc_builder_ip/altera_avalon_jtag_uart -- C:/intelfpga_lite/18.0/quartus/../ip/altera/sopc_builder_ip/altera_avalon_jtag_uart/generate_rtl.pl --name=socaudio_JTAG_UART --dir=C:/Users/lobok/AppData/Local/Temp/alt0244_5285670702240720708.dir/0034_JTAG_UART_gen/ --quartus_dir=C:/intelfpga_lite/18.0/quartus --verilog --config=C:/Users/lobok/AppData/Local/Temp/alt0244_5285670702240720708.dir/0034_JTAG_UART_gen//socaudio_JTAG_UART_component_configuration.pl  --do_build_sim=0  ]
Info: JTAG_UART: Done RTL generation for module 'socaudio_JTAG_UART'
Info: JTAG_UART: "socaudio" instantiated altera_avalon_jtag_uart "JTAG_UART"
Info: NIOS: "socaudio" instantiated altera_nios2_gen2 "NIOS"
Info: RAM: Starting RTL generation for module 'socaudio_RAM'
Info: RAM:   Generation command is [exec C:/intelfpga_lite/18.0/quartus/bin64/perl/bin/perl.exe -I C:/intelfpga_lite/18.0/quartus/bin64/perl/lib -I C:/intelfpga_lite/18.0/quartus/sopc_builder/bin/europa -I C:/intelfpga_lite/18.0/quartus/sopc_builder/bin/perl_lib -I C:/intelfpga_lite/18.0/quartus/sopc_builder/bin -I C:/intelfpga_lite/18.0/quartus/../ip/altera/sopc_builder_ip/common -I C:/intelfpga_lite/18.0/quartus/../ip/altera/sopc_builder_ip/altera_avalon_onchip_memory2 -- C:/intelfpga_lite/18.0/quartus/../ip/altera/sopc_builder_ip/altera_avalon_onchip_memory2/generate_rtl.pl --name=socaudio_RAM --dir=C:/Users/lobok/AppData/Local/Temp/alt0244_5285670702240720708.dir/0035_RAM_gen/ --quartus_dir=C:/intelfpga_lite/18.0/quartus --verilog --config=C:/Users/lobok/AppData/Local/Temp/alt0244_5285670702240720708.dir/0035_RAM_gen//socaudio_RAM_component_configuration.pl  --do_build_sim=0  ]
Info: RAM: Done RTL generation for module 'socaudio_RAM'
Info: RAM: "socaudio" instantiated altera_avalon_onchip_memory2 "RAM"
Info: SEVEN_SEGMENTS: Starting RTL generation for module 'socaudio_SEVEN_SEGMENTS'
Info: SEVEN_SEGMENTS:   Generation command is [exec C:/intelfpga_lite/18.0/quartus/bin64/perl/bin/perl.exe -I C:/intelfpga_lite/18.0/quartus/bin64/perl/lib -I C:/intelfpga_lite/18.0/quartus/sopc_builder/bin/europa -I C:/intelfpga_lite/18.0/quartus/sopc_builder/bin/perl_lib -I C:/intelfpga_lite/18.0/quartus/sopc_builder/bin -I C:/intelfpga_lite/18.0/quartus/../ip/altera/sopc_builder_ip/common -I C:/intelfpga_lite/18.0/quartus/../ip/altera/sopc_builder_ip/altera_avalon_pio -- C:/intelfpga_lite/18.0/quartus/../ip/altera/sopc_builder_ip/altera_avalon_pio/generate_rtl.pl --name=socaudio_SEVEN_SEGMENTS --dir=C:/Users/lobok/AppData/Local/Temp/alt0244_5285670702240720708.dir/0036_SEVEN_SEGMENTS_gen/ --quartus_dir=C:/intelfpga_lite/18.0/quartus --verilog --config=C:/Users/lobok/AppData/Local/Temp/alt0244_5285670702240720708.dir/0036_SEVEN_SEGMENTS_gen//socaudio_SEVEN_SEGMENTS_component_configuration.pl  --do_build_sim=0  ]
Info: SEVEN_SEGMENTS: Done RTL generation for module 'socaudio_SEVEN_SEGMENTS'
Info: SEVEN_SEGMENTS: "socaudio" instantiated altera_avalon_pio "SEVEN_SEGMENTS"
Info: TIMER: Starting RTL generation for module 'socaudio_TIMER'
Info: TIMER:   Generation command is [exec C:/intelFPGA_lite/18.0/quartus/bin64//perl/bin/perl.exe -I C:/intelFPGA_lite/18.0/quartus/bin64//perl/lib -I C:/intelfpga_lite/18.0/quartus/sopc_builder/bin/europa -I C:/intelfpga_lite/18.0/quartus/sopc_builder/bin/perl_lib -I C:/intelfpga_lite/18.0/quartus/sopc_builder/bin -I C:/intelfpga_lite/18.0/quartus/../ip/altera/sopc_builder_ip/common -I C:/intelfpga_lite/18.0/quartus/../ip/altera/sopc_builder_ip/altera_avalon_timer -- C:/intelfpga_lite/18.0/quartus/../ip/altera/sopc_builder_ip/altera_avalon_timer/generate_rtl.pl --name=socaudio_TIMER --dir=C:/Users/lobok/AppData/Local/Temp/alt0244_5285670702240720708.dir/0037_TIMER_gen/ --quartus_dir=C:/intelfpga_lite/18.0/quartus --verilog --config=C:/Users/lobok/AppData/Local/Temp/alt0244_5285670702240720708.dir/0037_TIMER_gen//socaudio_TIMER_component_configuration.pl  --do_build_sim=0  ]
Info: TIMER: Done RTL generation for module 'socaudio_TIMER'
Info: TIMER: "socaudio" instantiated altera_avalon_timer "TIMER"
Info: avalon_st_adapter: Inserting error_adapter: error_adapter_0
Info: avalon_st_adapter_001: Inserting error_adapter: error_adapter_0
Info: avalon_st_adapter_002: Inserting error_adapter: error_adapter_0
Info: avalon_st_adapter_003: Inserting error_adapter: error_adapter_0
Info: avalon_st_adapter_004: Inserting error_adapter: error_adapter_0
Info: avalon_st_adapter_005: Inserting error_adapter: error_adapter_0
Info: avalon_st_adapter_006: Inserting error_adapter: error_adapter_0
Info: mm_interconnect_0: "socaudio" instantiated altera_mm_interconnect "mm_interconnect_0"
Info: irq_mapper: "socaudio" instantiated altera_irq_mapper "irq_mapper"
Info: rst_controller: "socaudio" instantiated altera_reset_controller "rst_controller"
Info: audio_pll: "AUDIO_CLOCK" instantiated altera_pll "audio_pll"
Info: reset_from_locked: "AUDIO_CLOCK" instantiated altera_up_avalon_reset_from_locked_signal "reset_from_locked"
Info: cpu: Starting RTL generation for module 'socaudio_NIOS_cpu'
Info: cpu:   Generation command is [exec C:/intelFPGA_lite/18.0/quartus/bin64//eperlcmd.exe -I C:/intelFPGA_lite/18.0/quartus/bin64//perl/lib -I C:/intelfpga_lite/18.0/quartus/sopc_builder/bin/europa -I C:/intelfpga_lite/18.0/quartus/sopc_builder/bin/perl_lib -I C:/intelfpga_lite/18.0/quartus/sopc_builder/bin -I C:/intelfpga_lite/18.0/quartus/../ip/altera/nios2_ip/altera_nios2_gen2/cpu_lib -I C:/intelfpga_lite/18.0/quartus/../ip/altera/nios2_ip/altera_nios2_gen2/nios_lib -I C:/intelfpga_lite/18.0/quartus/../ip/altera/nios2_ip/altera_nios2_gen2 -I C:/intelfpga_lite/18.0/quartus/../ip/altera/nios2_ip/altera_nios2_gen2 -- C:/intelfpga_lite/18.0/quartus/../ip/altera/nios2_ip/altera_nios2_gen2/generate_rtl.epl --name=socaudio_NIOS_cpu --dir=C:/Users/lobok/AppData/Local/Temp/alt0244_5285670702240720708.dir/0042_cpu_gen/ --quartus_bindir=C:/intelFPGA_lite/18.0/quartus/bin64/ --verilog --config=C:/Users/lobok/AppData/Local/Temp/alt0244_5285670702240720708.dir/0042_cpu_gen//socaudio_NIOS_cpu_processor_configuration.pl  --do_build_sim=0  ]
Info: cpu: # 2025.06.05 17:49:12 (*) Starting Nios II generation
Info: cpu: # 2025.06.05 17:49:12 (*)   Checking for plaintext license.
Info: cpu: # 2025.06.05 17:49:14 (*)   Couldn't query license setup in Quartus directory C:/intelFPGA_lite/18.0/quartus/bin64/
Info: cpu: # 2025.06.05 17:49:14 (*)   Defaulting to contents of LM_LICENSE_FILE environment variable
Info: cpu: # 2025.06.05 17:49:14 (*)   LM_LICENSE_FILE environment variable is empty
Info: cpu: # 2025.06.05 17:49:14 (*)   Plaintext license not found.
Info: cpu: # 2025.06.05 17:49:14 (*)   Checking for encrypted license (non-evaluation).
Info: cpu: # 2025.06.05 17:49:15 (*)   Couldn't query license setup in Quartus directory C:/intelFPGA_lite/18.0/quartus/bin64/
Info: cpu: # 2025.06.05 17:49:15 (*)   Defaulting to contents of LM_LICENSE_FILE environment variable
Info: cpu: # 2025.06.05 17:49:15 (*)   LM_LICENSE_FILE environment variable is empty
Info: cpu: # 2025.06.05 17:49:15 (*)   Encrypted license not found.  Defaulting to OCP evaluation license (produces a time-limited SOF)
Info: cpu: # 2025.06.05 17:49:15 (*)   Elaborating CPU configuration settings
Info: cpu: # 2025.06.05 17:49:15 (*)   Creating all objects for CPU
Info: cpu: # 2025.06.05 17:49:15 (*)     Testbench
Info: cpu: # 2025.06.05 17:49:15 (*)     Instruction decoding
Info: cpu: # 2025.06.05 17:49:15 (*)       Instruction fields
Info: cpu: # 2025.06.05 17:49:15 (*)       Instruction decodes
Info: cpu: # 2025.06.05 17:49:17 (*)       Signals for RTL simulation waveforms
Info: cpu: # 2025.06.05 17:49:17 (*)       Instruction controls
Info: cpu: # 2025.06.05 17:49:17 (*)     Pipeline frontend
Info: cpu: # 2025.06.05 17:49:17 (*)     Pipeline backend
Info: cpu: # 2025.06.05 17:49:22 (*)   Generating RTL from CPU objects
Info: cpu: # 2025.06.05 17:49:25 (*)   Creating encrypted RTL
Info: cpu: # 2025.06.05 17:49:27 (*) Done Nios II generation
Info: cpu: Done RTL generation for module 'socaudio_NIOS_cpu'
Info: cpu: "NIOS" instantiated altera_nios2_gen2_unit "cpu"
Info: NIOS_data_master_translator: "mm_interconnect_0" instantiated altera_merlin_master_translator "NIOS_data_master_translator"
Info: AUDIO_avalon_audio_slave_translator: "mm_interconnect_0" instantiated altera_merlin_slave_translator "AUDIO_avalon_audio_slave_translator"
Info: NIOS_data_master_agent: "mm_interconnect_0" instantiated altera_merlin_master_agent "NIOS_data_master_agent"
Info: AUDIO_avalon_audio_slave_agent: "mm_interconnect_0" instantiated altera_merlin_slave_agent "AUDIO_avalon_audio_slave_agent"
Info: AUDIO_avalon_audio_slave_agent_rsp_fifo: "mm_interconnect_0" instantiated altera_avalon_sc_fifo "AUDIO_avalon_audio_slave_agent_rsp_fifo"
Info: router: "mm_interconnect_0" instantiated altera_merlin_router "router"
Info: router_001: "mm_interconnect_0" instantiated altera_merlin_router "router_001"
Info: router_002: "mm_interconnect_0" instantiated altera_merlin_router "router_002"
Info: router_004: "mm_interconnect_0" instantiated altera_merlin_router "router_004"
Info: NIOS_data_master_limiter: "mm_interconnect_0" instantiated altera_merlin_traffic_limiter "NIOS_data_master_limiter"
Info: Reusing file C:/Users/lobok/Desktop/Empotrados/soc_reproductor_audio/socaudio/synthesis/submodules/altera_avalon_sc_fifo.v
Info: cmd_demux: "mm_interconnect_0" instantiated altera_merlin_demultiplexer "cmd_demux"
Info: cmd_demux_001: "mm_interconnect_0" instantiated altera_merlin_demultiplexer "cmd_demux_001"
Info: cmd_mux: "mm_interconnect_0" instantiated altera_merlin_multiplexer "cmd_mux"
Info: cmd_mux_002: "mm_interconnect_0" instantiated altera_merlin_multiplexer "cmd_mux_002"
Info: Reusing file C:/Users/lobok/Desktop/Empotrados/soc_reproductor_audio/socaudio/synthesis/submodules/altera_merlin_arbitrator.sv
Info: rsp_demux: "mm_interconnect_0" instantiated altera_merlin_demultiplexer "rsp_demux"
Info: rsp_demux_002: "mm_interconnect_0" instantiated altera_merlin_demultiplexer "rsp_demux_002"
Info: rsp_mux: "mm_interconnect_0" instantiated altera_merlin_multiplexer "rsp_mux"
Info: Reusing file C:/Users/lobok/Desktop/Empotrados/soc_reproductor_audio/socaudio/synthesis/submodules/altera_merlin_arbitrator.sv
Info: rsp_mux_001: "mm_interconnect_0" instantiated altera_merlin_multiplexer "rsp_mux_001"
Info: Reusing file C:/Users/lobok/Desktop/Empotrados/soc_reproductor_audio/socaudio/synthesis/submodules/altera_merlin_arbitrator.sv
Info: avalon_st_adapter: "mm_interconnect_0" instantiated altera_avalon_st_adapter "avalon_st_adapter"
Info: error_adapter_0: "avalon_st_adapter" instantiated error_adapter "error_adapter_0"
Info: socaudio: Done "socaudio" with 35 modules, 61 files
Info: qsys-generate succeeded.
Info: Finished: Create HDL design files for synthesis
