Design Assistant report for socaudio
Sat Jun 07 02:33:04 2025
Quartus Prime Version 18.0.0 Build 614 04/24/2018 SJ Lite Edition


---------------------
; Table of Contents ;
---------------------
  1. Legal Notice
  2. Design Assistant Summary
  3. Parallel Compilation
  4. Design Assistant Settings
  5. High Violations
  6. Medium Violations
  7. Information only Violations
  8. Design Assistant Messages



----------------
; Legal Notice ;
----------------
Copyright (C) 2018  Intel Corporation. All rights reserved.
Your use of Intel Corporation's design tools, logic functions 
and other software and tools, and its AMPP partner logic 
functions, and any output files from any of the foregoing 
(including device programming or simulation files), and any 
associated documentation or information are expressly subject 
to the terms and conditions of the Intel Program License 
Subscription Agreement, the Intel Quartus Prime License Agreement,
the Intel FPGA IP License Agreement, or other applicable license
agreement, including, without limitation, that your use is for
the sole purpose of programming logic devices manufactured by
Intel and sold by Intel or its authorized distributors.  Please
refer to the applicable agreement for further details.



+-------------------------------------------------------------------------+
; Design Assistant Summary                                                ;
+-----------------------------------+-------------------------------------+
; Design Assistant Status           ; Analyzed - Sat Jun 07 02:33:04 2025 ;
; Revision Name                     ; socaudio                            ;
; Top-level Entity Name             ; top                                 ;
; Family                            ; Cyclone V                           ;
; Total Critical Violations         ; 0                                   ;
; Total High Violations             ; 1                                   ;
; - Rule C105                       ; 1                                   ;
; Total Medium Violations           ; 1                                   ;
; - Rule R102                       ; 1                                   ;
; Total Information only Violations ; 115                                 ;
; - Rule T101                       ; 65                                  ;
; - Rule T102                       ; 50                                  ;
+-----------------------------------+-------------------------------------+


+------------------------------------------+
; Parallel Compilation                     ;
+----------------------------+-------------+
; Processors                 ; Number      ;
+----------------------------+-------------+
; Number detected on machine ; 16          ;
; Maximum allowed            ; 16          ;
;                            ;             ;
; Average used               ; 1.01        ;
; Maximum used               ; 16          ;
;                            ;             ;
; Usage by Processor         ; % Time Used ;
;     Processor 1            ; 100.0%      ;
;     Processor 2            ;   0.2%      ;
;     Processor 3            ;   0.2%      ;
;     Processor 4            ;   0.1%      ;
;     Processor 5            ;   0.1%      ;
;     Processor 6            ;   0.1%      ;
;     Processor 7            ;   0.1%      ;
;     Processor 8            ;   0.1%      ;
;     Processor 9            ;   0.1%      ;
;     Processor 10           ;   0.0%      ;
;     Processor 11           ;   0.0%      ;
;     Processor 12           ;   0.0%      ;
;     Processor 13           ;   0.0%      ;
;     Processor 14           ;   0.0%      ;
;     Processor 15           ;   0.0%      ;
;     Processor 16           ;   0.0%      ;
+----------------------------+-------------+


+------------------------------------------------------------------------------------------------------------------------------------------------------------------------------------------------+
; Design Assistant Settings                                                                                                                                                                      ;
+----------------------------------------------------------------------------------------------------------------------------------------------------------------------+--------------+----------+
; Option                                                                                                                                                               ; Setting      ; To       ;
+----------------------------------------------------------------------------------------------------------------------------------------------------------------------+--------------+----------+
; Design Assistant mode                                                                                                                                                ; Post-Fitting ;          ;
; Threshold value for clock net not mapped to clock spines rule                                                                                                        ; 25           ;          ;
; Minimum number of clock port feed by gated clocks                                                                                                                    ; 30           ;          ;
; Minimum number of node fan-out                                                                                                                                       ; 30           ;          ;
; Maximum number of nodes to report                                                                                                                                    ; 50           ;          ;
; Rule C101: Gated clock should be implemented according to the Intel FPGA standard scheme                                                                             ; On           ;          ;
; Rule C102: Logic cell should not be used to generate an inverted clock signal                                                                                        ; On           ;          ;
; Rule C103: Gated clock does not feed at least a pre-defined number of clock ports to effectively save power                                                          ; On           ;          ;
; Rule C104: Clock signal source should drive only clock input ports                                                                                                   ; On           ;          ;
; Rule C105: Clock signal should be a global signal                                                                                                                    ; On           ;          ;
; Rule C106: Clock signal source should not drive registers triggered by different clock edges                                                                         ; On           ;          ;
; Rule R101: Combinational logic used as a reset signal should be synchronized                                                                                         ; On           ;          ;
; Rule R102: External reset signals should be synchronized using two cascaded registers                                                                                ; On           ;          ;
; Rule R103: External reset signal should be correctly synchronized                                                                                                    ; On           ;          ;
; Rule R104: The reset signal that is generated in one clock domain and used in another clock domain should be correctly synchronized                                  ; On           ;          ;
; Rule R105: The reset signal that is generated in one clock domain and used in another clock domain should be synchronized                                            ; On           ;          ;
; Rule T101: Nodes with more than the specified number of fan-outs                                                                                                     ; On           ;          ;
; Rule T102: Top nodes with the highest number of fan-outs                                                                                                             ; On           ;          ;
; Rule A101: Design should not contain combinational loops                                                                                                             ; On           ;          ;
; Rule A102: Register output should not drive its own control signal directly or through combinational logic                                                           ; On           ;          ;
; Rule A103: Design should not contain delay chains                                                                                                                    ; On           ;          ;
; Rule A104: Design should not contain ripple clock structures                                                                                                         ; On           ;          ;
; Rule A105: Pulses should not be implemented asynchronously                                                                                                           ; On           ;          ;
; Rule A106: Multiple pulses should not be generated in design                                                                                                         ; On           ;          ;
; Rule A107: Design should not contain SR latches                                                                                                                      ; On           ;          ;
; Rule A108: Design should not contain latches                                                                                                                         ; On           ;          ;
; Rule S101: Output enable and input of the same tri-state node should not be driven by same signal source                                                             ; On           ;          ;
; Rule S102: Synchronous port and asynchronous port of the same register should not be driven by the same signal source                                                ; On           ;          ;
; Rule S103: More than one asynchronous port of a register should not be driven by the same signal source                                                              ; On           ;          ;
; Rule S104: Clock port and any other port of a register should not be driven by the same signal source                                                                ; On           ;          ;
; Rule D101: Data bits are not synchronized when transferred between asynchronous clock domains                                                                        ; On           ;          ;
; Rule D102: Multiple data bits that are transferred across asynchronous clock domains are synchronized, but not all bits may be aligned in the receiving clock domain ; On           ;          ;
; Rule D103: Data bits are not correctly synchronized when transferred between asynchronous clock domains                                                              ; On           ;          ;
; Rule D102: Multiple data bits that are transferred across asynchronous clock domains are synchronized, but not all bits may be aligned in the receiving clock domain ; Off          ; wdata[5] ;
; Rule D102: Multiple data bits that are transferred across asynchronous clock domains are synchronized, but not all bits may be aligned in the receiving clock domain ; Off          ; wdata[7] ;
; Rule D102: Multiple data bits that are transferred across asynchronous clock domains are synchronized, but not all bits may be aligned in the receiving clock domain ; Off          ; wdata[1] ;
; Rule D102: Multiple data bits that are transferred across asynchronous clock domains are synchronized, but not all bits may be aligned in the receiving clock domain ; Off          ; wdata[6] ;
; Rule D102: Multiple data bits that are transferred across asynchronous clock domains are synchronized, but not all bits may be aligned in the receiving clock domain ; Off          ; wdata[4] ;
; Rule D102: Multiple data bits that are transferred across asynchronous clock domains are synchronized, but not all bits may be aligned in the receiving clock domain ; Off          ; wdata[0] ;
; Rule D102: Multiple data bits that are transferred across asynchronous clock domains are synchronized, but not all bits may be aligned in the receiving clock domain ; Off          ; wdata[2] ;
; Rule D102: Multiple data bits that are transferred across asynchronous clock domains are synchronized, but not all bits may be aligned in the receiving clock domain ; Off          ; wdata[3] ;
+----------------------------------------------------------------------------------------------------------------------------------------------------------------------+--------------+----------+


+----------------------------------------------------------------------------------+
; High Violations                                                                  ;
+---------------------------------------------------+------------------------------+
; Rule name                                         ; Name                         ;
+---------------------------------------------------+------------------------------+
; Rule C105: Clock signal should be a global signal ; altera_internal_jtag~TCKUTAP ;
+---------------------------------------------------+------------------------------+


+--------------------------------------------------------------------------------------------------------------------------------------------------------------------------------------------------------------------------------------+
; Medium Violations                                                                                                                                                                                                                    ;
+---------------------------------------------------------------------------------------+----------------------------------------------------------------------------------------------------------------------------------------------+
; Rule name                                                                             ; Name                                                                                                                                         ;
+---------------------------------------------------------------------------------------+----------------------------------------------------------------------------------------------------------------------------------------------+
; Rule R102: External reset signals should be synchronized using two cascaded registers ; rst_n                                                                                                                                        ;
;  Reset signal destination node(s) list                                                ; socaudio:u_socaudio|altera_reset_controller:rst_controller|altera_reset_synchronizer:alt_rst_sync_uq1|altera_reset_synchronizer_int_chain[0] ;
+---------------------------------------------------------------------------------------+----------------------------------------------------------------------------------------------------------------------------------------------+


+----------------------------------------------------------------------------------------------------------------------------------------------------------------------------------------------------------------------------------------------------------------------------------------------------------------------------------------------------------------------------------------------------------------------------------+
; Information only Violations                                                                                                                                                                                                                                                                                                                                                                                                      ;
+------------------------------------------------------------------+-----------------------------------------------------------------------------------------------------------------------------------------------------------------------------------------------------------------------------------------------------------------------------------------------------------------------------------------------------+---------+
; Rule name                                                        ; Name                                                                                                                                                                                                                                                                                                                                                ; Fan-Out ;
+------------------------------------------------------------------+-----------------------------------------------------------------------------------------------------------------------------------------------------------------------------------------------------------------------------------------------------------------------------------------------------------------------------------------------------+---------+
; Rule T101: Nodes with more than the specified number of fan-outs ; clk_fpga~inputCLKENA0                                                                                                                                                                                                                                                                                                                               ; 1086    ;
; Rule T101: Nodes with more than the specified number of fan-outs ; socaudio:u_socaudio|altera_reset_controller:rst_controller|r_sync_rst                                                                                                                                                                                                                                                                               ; 690     ;
; Rule T101: Nodes with more than the specified number of fan-outs ; socaudio:u_socaudio|socaudio_AUDIO:audio|comb~0                                                                                                                                                                                                                                                                                                     ; 96      ;
; Rule T101: Nodes with more than the specified number of fan-outs ; socaudio:u_socaudio|socaudio_NIOS:nios|socaudio_NIOS_cpu:cpu|W_alu_result[2]                                                                                                                                                                                                                                                                        ; 65      ;
; Rule T101: Nodes with more than the specified number of fan-outs ; socaudio:u_socaudio|socaudio_NIOS:nios|socaudio_NIOS_cpu:cpu|R_ctrl_shift_rot_right                                                                                                                                                                                                                                                                 ; 32      ;
; Rule T101: Nodes with more than the specified number of fan-outs ; socaudio:u_socaudio|socaudio_NIOS:nios|socaudio_NIOS_cpu:cpu|F_valid~0                                                                                                                                                                                                                                                                              ; 39      ;
; Rule T101: Nodes with more than the specified number of fan-outs ; socaudio:u_socaudio|socaudio_mm_interconnect_0:mm_interconnect_0|socaudio_mm_interconnect_0_cmd_demux_001:rsp_demux_002|src1_valid~0                                                                                                                                                                                                                ; 35      ;
; Rule T101: Nodes with more than the specified number of fan-outs ; socaudio:u_socaudio|socaudio_mm_interconnect_0:mm_interconnect_0|socaudio_mm_interconnect_0_cmd_mux_002:cmd_mux_003|src_data[50]                                                                                                                                                                                                                    ; 32      ;
; Rule T101: Nodes with more than the specified number of fan-outs ; socaudio:u_socaudio|socaudio_mm_interconnect_0:mm_interconnect_0|socaudio_mm_interconnect_0_cmd_mux_002:cmd_mux_003|saved_grant[0]                                                                                                                                                                                                                  ; 57      ;
; Rule T101: Nodes with more than the specified number of fan-outs ; socaudio:u_socaudio|socaudio_NIOS:nios|socaudio_NIOS_cpu:cpu|R_ctrl_shift_rot                                                                                                                                                                                                                                                                       ; 33      ;
; Rule T101: Nodes with more than the specified number of fan-outs ; socaudio:u_socaudio|socaudio_NIOS:nios|socaudio_NIOS_cpu:cpu|D_iw[11]                                                                                                                                                                                                                                                                               ; 35      ;
; Rule T101: Nodes with more than the specified number of fan-outs ; socaudio:u_socaudio|socaudio_NIOS:nios|socaudio_NIOS_cpu:cpu|E_new_inst                                                                                                                                                                                                                                                                             ; 51      ;
; Rule T101: Nodes with more than the specified number of fan-outs ; socaudio:u_socaudio|socaudio_NIOS:nios|socaudio_NIOS_cpu:cpu|R_ctrl_ld                                                                                                                                                                                                                                                                              ; 34      ;
; Rule T101: Nodes with more than the specified number of fan-outs ; socaudio:u_socaudio|socaudio_NIOS:nios|socaudio_NIOS_cpu:cpu|D_iw[0]                                                                                                                                                                                                                                                                                ; 32      ;
; Rule T101: Nodes with more than the specified number of fan-outs ; socaudio:u_socaudio|socaudio_mm_interconnect_0:mm_interconnect_0|socaudio_mm_interconnect_0_cmd_mux_002:cmd_mux_003|src_data[46]                                                                                                                                                                                                                    ; 32      ;
; Rule T101: Nodes with more than the specified number of fan-outs ; socaudio:u_socaudio|socaudio_mm_interconnect_0:mm_interconnect_0|socaudio_mm_interconnect_0_cmd_demux_001:rsp_demux_003|src1_valid~0                                                                                                                                                                                                                ; 35      ;
; Rule T101: Nodes with more than the specified number of fan-outs ; socaudio:u_socaudio|socaudio_mm_interconnect_0:mm_interconnect_0|socaudio_mm_interconnect_0_cmd_demux_001:rsp_demux_002|src0_valid~0                                                                                                                                                                                                                ; 34      ;
; Rule T101: Nodes with more than the specified number of fan-outs ; socaudio:u_socaudio|socaudio_mm_interconnect_0:mm_interconnect_0|socaudio_mm_interconnect_0_cmd_mux_002:cmd_mux_002|saved_grant[0]                                                                                                                                                                                                                  ; 52      ;
; Rule T101: Nodes with more than the specified number of fan-outs ; socaudio:u_socaudio|socaudio_NIOS:nios|socaudio_NIOS_cpu:cpu|D_iw[15]                                                                                                                                                                                                                                                                               ; 38      ;
; Rule T101: Nodes with more than the specified number of fan-outs ; socaudio:u_socaudio|socaudio_NIOS:nios|socaudio_NIOS_cpu:cpu|D_iw[1]                                                                                                                                                                                                                                                                                ; 32      ;
; Rule T101: Nodes with more than the specified number of fan-outs ; socaudio:u_socaudio|socaudio_mm_interconnect_0:mm_interconnect_0|socaudio_mm_interconnect_0_cmd_mux_002:cmd_mux_003|src_data[44]                                                                                                                                                                                                                    ; 32      ;
; Rule T101: Nodes with more than the specified number of fan-outs ; socaudio:u_socaudio|socaudio_NIOS:nios|socaudio_NIOS_cpu:cpu|D_iw[14]                                                                                                                                                                                                                                                                               ; 38      ;
; Rule T101: Nodes with more than the specified number of fan-outs ; socaudio:u_socaudio|socaudio_mm_interconnect_0:mm_interconnect_0|socaudio_mm_interconnect_0_cmd_mux_002:cmd_mux_003|src_data[40]                                                                                                                                                                                                                    ; 32      ;
; Rule T101: Nodes with more than the specified number of fan-outs ; socaudio:u_socaudio|socaudio_mm_interconnect_0:mm_interconnect_0|socaudio_mm_interconnect_0_cmd_mux_002:cmd_mux_003|src_data[47]                                                                                                                                                                                                                    ; 32      ;
; Rule T101: Nodes with more than the specified number of fan-outs ; socaudio:u_socaudio|socaudio_NIOS:nios|socaudio_NIOS_cpu:cpu|D_iw[16]                                                                                                                                                                                                                                                                               ; 38      ;
; Rule T101: Nodes with more than the specified number of fan-outs ; socaudio:u_socaudio|socaudio_mm_interconnect_0:mm_interconnect_0|socaudio_mm_interconnect_0_cmd_mux_002:cmd_mux_003|src_data[42]                                                                                                                                                                                                                    ; 32      ;
; Rule T101: Nodes with more than the specified number of fan-outs ; socaudio:u_socaudio|socaudio_NIOS:nios|socaudio_NIOS_cpu:cpu|D_iw[12]                                                                                                                                                                                                                                                                               ; 38      ;
; Rule T101: Nodes with more than the specified number of fan-outs ; socaudio:u_socaudio|socaudio_mm_interconnect_0:mm_interconnect_0|socaudio_mm_interconnect_0_cmd_mux_002:cmd_mux_003|src_data[43]                                                                                                                                                                                                                    ; 32      ;
; Rule T101: Nodes with more than the specified number of fan-outs ; socaudio:u_socaudio|socaudio_NIOS:nios|socaudio_NIOS_cpu:cpu|D_iw[4]~DUPLICATE                                                                                                                                                                                                                                                                      ; 37      ;
; Rule T101: Nodes with more than the specified number of fan-outs ; socaudio:u_socaudio|socaudio_NIOS:nios|socaudio_NIOS_cpu:cpu|socaudio_NIOS_cpu_nios2_oci:the_socaudio_NIOS_cpu_nios2_oci|address[8]                                                                                                                                                                                                                 ; 35      ;
; Rule T101: Nodes with more than the specified number of fan-outs ; socaudio:u_socaudio|socaudio_NIOS:nios|socaudio_NIOS_cpu:cpu|D_iw[13]                                                                                                                                                                                                                                                                               ; 38      ;
; Rule T101: Nodes with more than the specified number of fan-outs ; socaudio:u_socaudio|socaudio_NIOS:nios|socaudio_NIOS_cpu:cpu|socaudio_NIOS_cpu_nios2_oci:the_socaudio_NIOS_cpu_nios2_oci|socaudio_NIOS_cpu_nios2_ocimem:the_socaudio_NIOS_cpu_nios2_ocimem|jtag_ram_access~DUPLICATE                                                                                                                                ; 44      ;
; Rule T101: Nodes with more than the specified number of fan-outs ; socaudio:u_socaudio|socaudio_NIOS:nios|socaudio_NIOS_cpu:cpu|socaudio_NIOS_cpu_nios2_oci:the_socaudio_NIOS_cpu_nios2_oci|socaudio_NIOS_cpu_debug_slave_wrapper:the_socaudio_NIOS_cpu_debug_slave_wrapper|socaudio_NIOS_cpu_debug_slave_sysclk:the_socaudio_NIOS_cpu_debug_slave_sysclk|update_jdo_strobe                                            ; 39      ;
; Rule T101: Nodes with more than the specified number of fan-outs ; altera_internal_jtag~TCKUTAP                                                                                                                                                                                                                                                                                                                        ; 176     ;
; Rule T101: Nodes with more than the specified number of fan-outs ; sld_hub:auto_hub|alt_sld_fab_with_jtag_input:\instrumentation_fabric_with_node_gen:fabric_gen_new_way:with_jtag_input_gen:instrumentation_fabric|alt_sld_fab:instrumentation_fabric|alt_sld_fab_alt_sld_fab:alt_sld_fab|alt_sld_fab_alt_sld_fab_sldfabric:sldfabric|sld_jtag_hub:\jtag_hub_gen:real_sld_jtag_hub|clr_reg                            ; 61      ;
; Rule T101: Nodes with more than the specified number of fan-outs ; sld_hub:auto_hub|alt_sld_fab_with_jtag_input:\instrumentation_fabric_with_node_gen:fabric_gen_new_way:with_jtag_input_gen:instrumentation_fabric|alt_sld_fab:instrumentation_fabric|alt_sld_fab_alt_sld_fab:alt_sld_fab|alt_sld_fab_alt_sld_fab_sldfabric:sldfabric|sld_jtag_hub:\jtag_hub_gen:real_sld_jtag_hub|virtual_ir_scan_reg                ; 41      ;
; Rule T101: Nodes with more than the specified number of fan-outs ; sld_hub:auto_hub|alt_sld_fab_with_jtag_input:\instrumentation_fabric_with_node_gen:fabric_gen_new_way:with_jtag_input_gen:instrumentation_fabric|alt_sld_fab:instrumentation_fabric|alt_sld_fab_alt_sld_fab:alt_sld_fab|alt_sld_fab_alt_sld_fab_sldfabric:sldfabric|sld_jtag_hub:\jtag_hub_gen:real_sld_jtag_hub|sld_shadow_jsm:shadow_jsm|state[4] ; 54      ;
; Rule T101: Nodes with more than the specified number of fan-outs ; sld_hub:auto_hub|alt_sld_fab_with_jtag_input:\instrumentation_fabric_with_node_gen:fabric_gen_new_way:with_jtag_input_gen:instrumentation_fabric|alt_sld_fab:instrumentation_fabric|alt_sld_fab_alt_sld_fab:alt_sld_fab|alt_sld_fab_alt_sld_fab_sldfabric:sldfabric|sld_jtag_hub:\jtag_hub_gen:real_sld_jtag_hub|sld_shadow_jsm:shadow_jsm|state[3] ; 38      ;
; Rule T101: Nodes with more than the specified number of fan-outs ; socaudio:u_socaudio|socaudio_mm_interconnect_0:mm_interconnect_0|socaudio_mm_interconnect_0_cmd_mux_002:cmd_mux_003|src_data[45]                                                                                                                                                                                                                    ; 32      ;
; Rule T101: Nodes with more than the specified number of fan-outs ; socaudio:u_socaudio|socaudio_mm_interconnect_0:mm_interconnect_0|socaudio_mm_interconnect_0_cmd_mux_002:cmd_mux_003|src_data[41]                                                                                                                                                                                                                    ; 32      ;
; Rule T101: Nodes with more than the specified number of fan-outs ; sld_hub:auto_hub|alt_sld_fab_with_jtag_input:\instrumentation_fabric_with_node_gen:fabric_gen_new_way:with_jtag_input_gen:instrumentation_fabric|alt_sld_fab:instrumentation_fabric|alt_sld_fab_alt_sld_fab:alt_sld_fab|alt_sld_fab_alt_sld_fab_sldfabric:sldfabric|sld_jtag_hub:\jtag_hub_gen:real_sld_jtag_hub|irf_reg[2][1]                      ; 42      ;
; Rule T101: Nodes with more than the specified number of fan-outs ; socaudio:u_socaudio|socaudio_NIOS:nios|socaudio_NIOS_cpu:cpu|socaudio_NIOS_cpu_nios2_oci:the_socaudio_NIOS_cpu_nios2_oci|socaudio_NIOS_cpu_debug_slave_wrapper:the_socaudio_NIOS_cpu_debug_slave_wrapper|sld_virtual_jtag_basic:socaudio_NIOS_cpu_debug_slave_phy|virtual_state_sdr~0                                                               ; 36      ;
; Rule T101: Nodes with more than the specified number of fan-outs ; socaudio:u_socaudio|socaudio_NIOS:nios|socaudio_NIOS_cpu:cpu|socaudio_NIOS_cpu_nios2_oci:the_socaudio_NIOS_cpu_nios2_oci|socaudio_NIOS_cpu_nios2_ocimem:the_socaudio_NIOS_cpu_nios2_ocimem|MonDReg[0]~2                                                                                                                                             ; 31      ;
; Rule T101: Nodes with more than the specified number of fan-outs ; socaudio:u_socaudio|socaudio_NIOS:nios|socaudio_NIOS_cpu:cpu|socaudio_NIOS_cpu_nios2_oci:the_socaudio_NIOS_cpu_nios2_oci|socaudio_NIOS_cpu_debug_slave_wrapper:the_socaudio_NIOS_cpu_debug_slave_wrapper|socaudio_NIOS_cpu_debug_slave_sysclk:the_socaudio_NIOS_cpu_debug_slave_sysclk|take_action_ocimem_b                                         ; 36      ;
; Rule T101: Nodes with more than the specified number of fan-outs ; socaudio:u_socaudio|socaudio_NIOS:nios|socaudio_NIOS_cpu:cpu|socaudio_NIOS_cpu_nios2_oci:the_socaudio_NIOS_cpu_nios2_oci|socaudio_NIOS_cpu_nios2_oci_break:the_socaudio_NIOS_cpu_nios2_oci_break|break_readreg[28]~0                                                                                                                                ; 33      ;
; Rule T101: Nodes with more than the specified number of fan-outs ; socaudio:u_socaudio|socaudio_NIOS:nios|socaudio_NIOS_cpu:cpu|socaudio_NIOS_cpu_nios2_oci:the_socaudio_NIOS_cpu_nios2_oci|socaudio_NIOS_cpu_nios2_oci_break:the_socaudio_NIOS_cpu_nios2_oci_break|break_readreg[28]~1                                                                                                                                ; 32      ;
; Rule T101: Nodes with more than the specified number of fan-outs ; socaudio:u_socaudio|socaudio_NIOS:nios|socaudio_NIOS_cpu:cpu|W_alu_result[3]                                                                                                                                                                                                                                                                        ; 69      ;
; Rule T101: Nodes with more than the specified number of fan-outs ; socaudio:u_socaudio|socaudio_NIOS:nios|socaudio_NIOS_cpu:cpu|R_ctrl_logic                                                                                                                                                                                                                                                                           ; 32      ;
; Rule T101: Nodes with more than the specified number of fan-outs ; socaudio:u_socaudio|socaudio_NIOS:nios|socaudio_NIOS_cpu:cpu|D_iw[2]                                                                                                                                                                                                                                                                                ; 33      ;
; Rule T101: Nodes with more than the specified number of fan-outs ; socaudio:u_socaudio|socaudio_mm_interconnect_0:mm_interconnect_0|socaudio_mm_interconnect_0_cmd_mux_002:cmd_mux_003|src_data[38]                                                                                                                                                                                                                    ; 32      ;
; Rule T101: Nodes with more than the specified number of fan-outs ; socaudio:u_socaudio|socaudio_mm_interconnect_0:mm_interconnect_0|socaudio_mm_interconnect_0_cmd_mux_002:cmd_mux_003|src_data[49]                                                                                                                                                                                                                    ; 32      ;
; Rule T101: Nodes with more than the specified number of fan-outs ; socaudio:u_socaudio|socaudio_mm_interconnect_0:mm_interconnect_0|socaudio_mm_interconnect_0_cmd_mux_002:cmd_mux_003|src_data[48]                                                                                                                                                                                                                    ; 32      ;
; Rule T101: Nodes with more than the specified number of fan-outs ; socaudio:u_socaudio|socaudio_NIOS:nios|socaudio_NIOS_cpu:cpu|E_alu_sub                                                                                                                                                                                                                                                                              ; 34      ;
; Rule T101: Nodes with more than the specified number of fan-outs ; socaudio:u_socaudio|socaudio_mm_interconnect_0:mm_interconnect_0|socaudio_mm_interconnect_0_cmd_mux_002:cmd_mux_003|src_data[39]                                                                                                                                                                                                                    ; 32      ;
; Rule T101: Nodes with more than the specified number of fan-outs ; socaudio:u_socaudio|socaudio_RAM:ram|wren~0                                                                                                                                                                                                                                                                                                         ; 64      ;
; Rule T101: Nodes with more than the specified number of fan-outs ; socaudio:u_socaudio|altera_reset_controller:rst_controller|r_early_rst                                                                                                                                                                                                                                                                              ; 33      ;
; Rule T101: Nodes with more than the specified number of fan-outs ; socaudio:u_socaudio|socaudio_NIOS:nios|socaudio_NIOS_cpu:cpu|R_logic_op[1]                                                                                                                                                                                                                                                                          ; 40      ;
; Rule T101: Nodes with more than the specified number of fan-outs ; socaudio:u_socaudio|socaudio_NIOS:nios|socaudio_NIOS_cpu:cpu|R_logic_op[0]                                                                                                                                                                                                                                                                          ; 40      ;
; Rule T101: Nodes with more than the specified number of fan-outs ; socaudio:u_socaudio|socaudio_NIOS:nios|socaudio_NIOS_cpu:cpu|E_alu_result~1                                                                                                                                                                                                                                                                         ; 32      ;
; Rule T101: Nodes with more than the specified number of fan-outs ; socaudio:u_socaudio|socaudio_NIOS:nios|socaudio_NIOS_cpu:cpu|R_ctrl_rd_ctl_reg                                                                                                                                                                                                                                                                      ; 33      ;
; Rule T101: Nodes with more than the specified number of fan-outs ; socaudio:u_socaudio|socaudio_NIOS:nios|socaudio_NIOS_cpu:cpu|R_ctrl_br_cmp                                                                                                                                                                                                                                                                          ; 33      ;
; Rule T101: Nodes with more than the specified number of fan-outs ; socaudio:u_socaudio|socaudio_NIOS:nios|socaudio_NIOS_cpu:cpu|av_ld_aligning_data                                                                                                                                                                                                                                                                    ; 42      ;
; Rule T101: Nodes with more than the specified number of fan-outs ; socaudio:u_socaudio|socaudio_SEVEN_SEGMENTS:seven_segments|always0~2                                                                                                                                                                                                                                                                                ; 33      ;
; Rule T101: Nodes with more than the specified number of fan-outs ; socaudio:u_socaudio|socaudio_mm_interconnect_0:mm_interconnect_0|altera_merlin_slave_translator:seven_segments_s1_translator|read_latency_shift_reg[0]                                                                                                                                                                                              ; 32      ;
; Rule T101: Nodes with more than the specified number of fan-outs ; socaudio:u_socaudio|socaudio_mm_interconnect_0:mm_interconnect_0|socaudio_mm_interconnect_0_cmd_demux_001:rsp_demux_003|src0_valid~0                                                                                                                                                                                                                ; 35      ;
; Rule T102: Top nodes with the highest number of fan-outs         ; clk_fpga~inputCLKENA0                                                                                                                                                                                                                                                                                                                               ; 1086    ;
; Rule T102: Top nodes with the highest number of fan-outs         ; socaudio:u_socaudio|altera_reset_controller:rst_controller|r_sync_rst                                                                                                                                                                                                                                                                               ; 690     ;
; Rule T102: Top nodes with the highest number of fan-outs         ; altera_internal_jtag~TCKUTAP                                                                                                                                                                                                                                                                                                                        ; 176     ;
; Rule T102: Top nodes with the highest number of fan-outs         ; socaudio:u_socaudio|socaudio_AUDIO:audio|comb~0                                                                                                                                                                                                                                                                                                     ; 96      ;
; Rule T102: Top nodes with the highest number of fan-outs         ; socaudio:u_socaudio|socaudio_NIOS:nios|socaudio_NIOS_cpu:cpu|W_alu_result[3]                                                                                                                                                                                                                                                                        ; 69      ;
; Rule T102: Top nodes with the highest number of fan-outs         ; socaudio:u_socaudio|socaudio_NIOS:nios|socaudio_NIOS_cpu:cpu|W_alu_result[2]                                                                                                                                                                                                                                                                        ; 65      ;
; Rule T102: Top nodes with the highest number of fan-outs         ; socaudio:u_socaudio|socaudio_RAM:ram|wren~0                                                                                                                                                                                                                                                                                                         ; 64      ;
; Rule T102: Top nodes with the highest number of fan-outs         ; sld_hub:auto_hub|alt_sld_fab_with_jtag_input:\instrumentation_fabric_with_node_gen:fabric_gen_new_way:with_jtag_input_gen:instrumentation_fabric|alt_sld_fab:instrumentation_fabric|alt_sld_fab_alt_sld_fab:alt_sld_fab|alt_sld_fab_alt_sld_fab_sldfabric:sldfabric|sld_jtag_hub:\jtag_hub_gen:real_sld_jtag_hub|clr_reg                            ; 61      ;
; Rule T102: Top nodes with the highest number of fan-outs         ; socaudio:u_socaudio|socaudio_mm_interconnect_0:mm_interconnect_0|socaudio_mm_interconnect_0_cmd_mux_002:cmd_mux_003|saved_grant[0]                                                                                                                                                                                                                  ; 57      ;
; Rule T102: Top nodes with the highest number of fan-outs         ; sld_hub:auto_hub|alt_sld_fab_with_jtag_input:\instrumentation_fabric_with_node_gen:fabric_gen_new_way:with_jtag_input_gen:instrumentation_fabric|alt_sld_fab:instrumentation_fabric|alt_sld_fab_alt_sld_fab:alt_sld_fab|alt_sld_fab_alt_sld_fab_sldfabric:sldfabric|sld_jtag_hub:\jtag_hub_gen:real_sld_jtag_hub|sld_shadow_jsm:shadow_jsm|state[4] ; 54      ;
; Rule T102: Top nodes with the highest number of fan-outs         ; socaudio:u_socaudio|socaudio_mm_interconnect_0:mm_interconnect_0|socaudio_mm_interconnect_0_cmd_mux_002:cmd_mux_002|saved_grant[0]                                                                                                                                                                                                                  ; 52      ;
; Rule T102: Top nodes with the highest number of fan-outs         ; socaudio:u_socaudio|socaudio_NIOS:nios|socaudio_NIOS_cpu:cpu|E_new_inst                                                                                                                                                                                                                                                                             ; 51      ;
; Rule T102: Top nodes with the highest number of fan-outs         ; socaudio:u_socaudio|socaudio_NIOS:nios|socaudio_NIOS_cpu:cpu|socaudio_NIOS_cpu_nios2_oci:the_socaudio_NIOS_cpu_nios2_oci|socaudio_NIOS_cpu_nios2_ocimem:the_socaudio_NIOS_cpu_nios2_ocimem|jtag_ram_access~DUPLICATE                                                                                                                                ; 44      ;
; Rule T102: Top nodes with the highest number of fan-outs         ; sld_hub:auto_hub|alt_sld_fab_with_jtag_input:\instrumentation_fabric_with_node_gen:fabric_gen_new_way:with_jtag_input_gen:instrumentation_fabric|alt_sld_fab:instrumentation_fabric|alt_sld_fab_alt_sld_fab:alt_sld_fab|alt_sld_fab_alt_sld_fab_sldfabric:sldfabric|sld_jtag_hub:\jtag_hub_gen:real_sld_jtag_hub|irf_reg[2][1]                      ; 42      ;
; Rule T102: Top nodes with the highest number of fan-outs         ; socaudio:u_socaudio|socaudio_NIOS:nios|socaudio_NIOS_cpu:cpu|av_ld_aligning_data                                                                                                                                                                                                                                                                    ; 42      ;
; Rule T102: Top nodes with the highest number of fan-outs         ; sld_hub:auto_hub|alt_sld_fab_with_jtag_input:\instrumentation_fabric_with_node_gen:fabric_gen_new_way:with_jtag_input_gen:instrumentation_fabric|alt_sld_fab:instrumentation_fabric|alt_sld_fab_alt_sld_fab:alt_sld_fab|alt_sld_fab_alt_sld_fab_sldfabric:sldfabric|sld_jtag_hub:\jtag_hub_gen:real_sld_jtag_hub|virtual_ir_scan_reg                ; 41      ;
; Rule T102: Top nodes with the highest number of fan-outs         ; socaudio:u_socaudio|socaudio_NIOS:nios|socaudio_NIOS_cpu:cpu|R_logic_op[0]                                                                                                                                                                                                                                                                          ; 40      ;
; Rule T102: Top nodes with the highest number of fan-outs         ; socaudio:u_socaudio|socaudio_NIOS:nios|socaudio_NIOS_cpu:cpu|R_logic_op[1]                                                                                                                                                                                                                                                                          ; 40      ;
; Rule T102: Top nodes with the highest number of fan-outs         ; socaudio:u_socaudio|socaudio_NIOS:nios|socaudio_NIOS_cpu:cpu|F_valid~0                                                                                                                                                                                                                                                                              ; 39      ;
; Rule T102: Top nodes with the highest number of fan-outs         ; socaudio:u_socaudio|socaudio_NIOS:nios|socaudio_NIOS_cpu:cpu|socaudio_NIOS_cpu_nios2_oci:the_socaudio_NIOS_cpu_nios2_oci|socaudio_NIOS_cpu_debug_slave_wrapper:the_socaudio_NIOS_cpu_debug_slave_wrapper|socaudio_NIOS_cpu_debug_slave_sysclk:the_socaudio_NIOS_cpu_debug_slave_sysclk|update_jdo_strobe                                            ; 39      ;
; Rule T102: Top nodes with the highest number of fan-outs         ; socaudio:u_socaudio|socaudio_NIOS:nios|socaudio_NIOS_cpu:cpu|D_iw[15]                                                                                                                                                                                                                                                                               ; 38      ;
; Rule T102: Top nodes with the highest number of fan-outs         ; socaudio:u_socaudio|socaudio_NIOS:nios|socaudio_NIOS_cpu:cpu|D_iw[12]                                                                                                                                                                                                                                                                               ; 38      ;
; Rule T102: Top nodes with the highest number of fan-outs         ; socaudio:u_socaudio|socaudio_NIOS:nios|socaudio_NIOS_cpu:cpu|D_iw[16]                                                                                                                                                                                                                                                                               ; 38      ;
; Rule T102: Top nodes with the highest number of fan-outs         ; socaudio:u_socaudio|socaudio_NIOS:nios|socaudio_NIOS_cpu:cpu|D_iw[14]                                                                                                                                                                                                                                                                               ; 38      ;
; Rule T102: Top nodes with the highest number of fan-outs         ; socaudio:u_socaudio|socaudio_NIOS:nios|socaudio_NIOS_cpu:cpu|D_iw[13]                                                                                                                                                                                                                                                                               ; 38      ;
; Rule T102: Top nodes with the highest number of fan-outs         ; sld_hub:auto_hub|alt_sld_fab_with_jtag_input:\instrumentation_fabric_with_node_gen:fabric_gen_new_way:with_jtag_input_gen:instrumentation_fabric|alt_sld_fab:instrumentation_fabric|alt_sld_fab_alt_sld_fab:alt_sld_fab|alt_sld_fab_alt_sld_fab_sldfabric:sldfabric|sld_jtag_hub:\jtag_hub_gen:real_sld_jtag_hub|sld_shadow_jsm:shadow_jsm|state[3] ; 38      ;
; Rule T102: Top nodes with the highest number of fan-outs         ; socaudio:u_socaudio|socaudio_NIOS:nios|socaudio_NIOS_cpu:cpu|D_iw[4]~DUPLICATE                                                                                                                                                                                                                                                                      ; 37      ;
; Rule T102: Top nodes with the highest number of fan-outs         ; socaudio:u_socaudio|socaudio_NIOS:nios|socaudio_NIOS_cpu:cpu|socaudio_NIOS_cpu_nios2_oci:the_socaudio_NIOS_cpu_nios2_oci|socaudio_NIOS_cpu_debug_slave_wrapper:the_socaudio_NIOS_cpu_debug_slave_wrapper|socaudio_NIOS_cpu_debug_slave_sysclk:the_socaudio_NIOS_cpu_debug_slave_sysclk|take_action_ocimem_b                                         ; 36      ;
; Rule T102: Top nodes with the highest number of fan-outs         ; socaudio:u_socaudio|socaudio_NIOS:nios|socaudio_NIOS_cpu:cpu|socaudio_NIOS_cpu_nios2_oci:the_socaudio_NIOS_cpu_nios2_oci|socaudio_NIOS_cpu_debug_slave_wrapper:the_socaudio_NIOS_cpu_debug_slave_wrapper|sld_virtual_jtag_basic:socaudio_NIOS_cpu_debug_slave_phy|virtual_state_sdr~0                                                               ; 36      ;
; Rule T102: Top nodes with the highest number of fan-outs         ; socaudio:u_socaudio|socaudio_mm_interconnect_0:mm_interconnect_0|socaudio_mm_interconnect_0_cmd_demux_001:rsp_demux_003|src1_valid~0                                                                                                                                                                                                                ; 35      ;
; Rule T102: Top nodes with the highest number of fan-outs         ; socaudio:u_socaudio|socaudio_NIOS:nios|socaudio_NIOS_cpu:cpu|socaudio_NIOS_cpu_nios2_oci:the_socaudio_NIOS_cpu_nios2_oci|address[8]                                                                                                                                                                                                                 ; 35      ;
; Rule T102: Top nodes with the highest number of fan-outs         ; socaudio:u_socaudio|socaudio_mm_interconnect_0:mm_interconnect_0|socaudio_mm_interconnect_0_cmd_demux_001:rsp_demux_002|src1_valid~0                                                                                                                                                                                                                ; 35      ;
; Rule T102: Top nodes with the highest number of fan-outs         ; socaudio:u_socaudio|socaudio_mm_interconnect_0:mm_interconnect_0|socaudio_mm_interconnect_0_cmd_demux_001:rsp_demux_003|src0_valid~0                                                                                                                                                                                                                ; 35      ;
; Rule T102: Top nodes with the highest number of fan-outs         ; socaudio:u_socaudio|socaudio_NIOS:nios|socaudio_NIOS_cpu:cpu|D_iw[11]                                                                                                                                                                                                                                                                               ; 35      ;
; Rule T102: Top nodes with the highest number of fan-outs         ; socaudio:u_socaudio|socaudio_mm_interconnect_0:mm_interconnect_0|socaudio_mm_interconnect_0_cmd_demux_001:rsp_demux_002|src0_valid~0                                                                                                                                                                                                                ; 34      ;
; Rule T102: Top nodes with the highest number of fan-outs         ; socaudio:u_socaudio|socaudio_NIOS:nios|socaudio_NIOS_cpu:cpu|E_alu_sub                                                                                                                                                                                                                                                                              ; 34      ;
; Rule T102: Top nodes with the highest number of fan-outs         ; socaudio:u_socaudio|socaudio_NIOS:nios|socaudio_NIOS_cpu:cpu|R_ctrl_ld                                                                                                                                                                                                                                                                              ; 34      ;
; Rule T102: Top nodes with the highest number of fan-outs         ; socaudio:u_socaudio|socaudio_NIOS:nios|socaudio_NIOS_cpu:cpu|socaudio_NIOS_cpu_nios2_oci:the_socaudio_NIOS_cpu_nios2_oci|socaudio_NIOS_cpu_nios2_oci_break:the_socaudio_NIOS_cpu_nios2_oci_break|break_readreg[28]~0                                                                                                                                ; 33      ;
; Rule T102: Top nodes with the highest number of fan-outs         ; socaudio:u_socaudio|socaudio_SEVEN_SEGMENTS:seven_segments|always0~2                                                                                                                                                                                                                                                                                ; 33      ;
; Rule T102: Top nodes with the highest number of fan-outs         ; socaudio:u_socaudio|socaudio_NIOS:nios|socaudio_NIOS_cpu:cpu|R_ctrl_rd_ctl_reg                                                                                                                                                                                                                                                                      ; 33      ;
; Rule T102: Top nodes with the highest number of fan-outs         ; socaudio:u_socaudio|altera_reset_controller:rst_controller|r_early_rst                                                                                                                                                                                                                                                                              ; 33      ;
; Rule T102: Top nodes with the highest number of fan-outs         ; socaudio:u_socaudio|socaudio_NIOS:nios|socaudio_NIOS_cpu:cpu|R_ctrl_shift_rot                                                                                                                                                                                                                                                                       ; 33      ;
; Rule T102: Top nodes with the highest number of fan-outs         ; socaudio:u_socaudio|socaudio_NIOS:nios|socaudio_NIOS_cpu:cpu|R_ctrl_br_cmp                                                                                                                                                                                                                                                                          ; 33      ;
; Rule T102: Top nodes with the highest number of fan-outs         ; socaudio:u_socaudio|socaudio_NIOS:nios|socaudio_NIOS_cpu:cpu|D_iw[2]                                                                                                                                                                                                                                                                                ; 33      ;
; Rule T102: Top nodes with the highest number of fan-outs         ; socaudio:u_socaudio|socaudio_mm_interconnect_0:mm_interconnect_0|socaudio_mm_interconnect_0_cmd_mux_002:cmd_mux_003|src_data[44]                                                                                                                                                                                                                    ; 32      ;
; Rule T102: Top nodes with the highest number of fan-outs         ; socaudio:u_socaudio|socaudio_mm_interconnect_0:mm_interconnect_0|socaudio_mm_interconnect_0_cmd_mux_002:cmd_mux_003|src_data[47]                                                                                                                                                                                                                    ; 32      ;
; Rule T102: Top nodes with the highest number of fan-outs         ; socaudio:u_socaudio|socaudio_mm_interconnect_0:mm_interconnect_0|socaudio_mm_interconnect_0_cmd_mux_002:cmd_mux_003|src_data[38]                                                                                                                                                                                                                    ; 32      ;
; Rule T102: Top nodes with the highest number of fan-outs         ; socaudio:u_socaudio|socaudio_mm_interconnect_0:mm_interconnect_0|socaudio_mm_interconnect_0_cmd_mux_002:cmd_mux_003|src_data[50]                                                                                                                                                                                                                    ; 32      ;
; Rule T102: Top nodes with the highest number of fan-outs         ; socaudio:u_socaudio|socaudio_mm_interconnect_0:mm_interconnect_0|socaudio_mm_interconnect_0_cmd_mux_002:cmd_mux_003|src_data[41]                                                                                                                                                                                                                    ; 32      ;
; Rule T102: Top nodes with the highest number of fan-outs         ; socaudio:u_socaudio|socaudio_mm_interconnect_0:mm_interconnect_0|socaudio_mm_interconnect_0_cmd_mux_002:cmd_mux_003|src_data[48]                                                                                                                                                                                                                    ; 32      ;
+------------------------------------------------------------------+-----------------------------------------------------------------------------------------------------------------------------------------------------------------------------------------------------------------------------------------------------------------------------------------------------------------------------------------------------+---------+


+---------------------------+
; Design Assistant Messages ;
+---------------------------+
Info: *******************************************************************
Info: Running Quartus Prime Design Assistant
    Info: Version 18.0.0 Build 614 04/24/2018 SJ Lite Edition
    Info: Processing started: Sat Jun 07 02:33:01 2025
Info: Command: quartus_drc socaudio -c socaudio
Warning (18236): Number of processors has not been specified which may cause overloading on shared machines.  Set the global assignment NUM_PARALLEL_PROCESSORS in your QSF to an appropriate value for best performance.
Info (332164): Evaluating HDL-embedded SDC commands
    Info (332165): Entity alt_jtag_atlantic
        Info (332166): set_false_path -from [get_registers {*|alt_jtag_atlantic:*|jupdate}] -to [get_registers {*|alt_jtag_atlantic:*|jupdate1*}] 
        Info (332166): set_false_path -from [get_registers {*|alt_jtag_atlantic:*|rdata[*]}] -to [get_registers {*|alt_jtag_atlantic*|td_shift[*]}]
        Info (332166): set_false_path -from [get_registers {*|alt_jtag_atlantic:*|rdata[*]}] -to [get_registers {*|alt_jtag_atlantic*|td_shift[*]}]
        Info (332166): set_false_path -from [get_registers {*|alt_jtag_atlantic:*|rdata[*]}] -to [get_registers {*|alt_jtag_atlantic*|td_shift[*]}]
        Info (332166): set_false_path -from [get_registers {*|alt_jtag_atlantic:*|rdata[*]}] -to [get_registers {*|alt_jtag_atlantic*|td_shift[*]}]
        Info (332166): set_false_path -from [get_registers {*|alt_jtag_atlantic:*|rdata[*]}] -to [get_registers {*|alt_jtag_atlantic*|td_shift[*]}]
        Info (332166): set_false_path -from [get_registers {*|alt_jtag_atlantic:*|rdata[*]}] -to [get_registers {*|alt_jtag_atlantic*|td_shift[*]}]
        Info (332166): set_false_path -from [get_registers {*|alt_jtag_atlantic:*|rdata[*]}] -to [get_registers {*|alt_jtag_atlantic*|td_shift[*]}]
        Info (332166): set_false_path -from [get_registers {*|alt_jtag_atlantic:*|rdata[*]}] -to [get_registers {*|alt_jtag_atlantic*|td_shift[*]}]
        Info (332166): set_false_path -from [get_registers {*|alt_jtag_atlantic:*|read}] -to [get_registers {*|alt_jtag_atlantic:*|read1*}] 
        Info (332166): set_false_path -from [get_registers {*|alt_jtag_atlantic:*|read_req}]
        Info (332166): set_false_path -from [get_registers {*|alt_jtag_atlantic:*|rvalid}] -to [get_registers {*|alt_jtag_atlantic*|td_shift[*]}]
        Info (332166): set_false_path -from [get_registers {*|t_dav}] -to [get_registers {*|alt_jtag_atlantic:*|tck_t_dav}]
        Info (332166): set_false_path -from [get_registers {*|alt_jtag_atlantic:*|user_saw_rvalid}] -to [get_registers {*|alt_jtag_atlantic:*|rvalid0*}]
        Info (332166): set_false_path -from [get_registers {*|alt_jtag_atlantic:*|wdata[*]}] -to [get_registers {*}]
        Info (332166): set_false_path -from [get_registers {*|alt_jtag_atlantic:*|wdata[*]}] -to [get_registers {*}]
        Info (332166): set_false_path -from [get_registers {*|alt_jtag_atlantic:*|wdata[*]}] -to [get_registers {*}]
        Info (332166): set_false_path -from [get_registers {*|alt_jtag_atlantic:*|wdata[*]}] -to [get_registers {*}]
        Info (332166): set_false_path -from [get_registers {*|alt_jtag_atlantic:*|wdata[*]}] -to [get_registers {*}]
        Info (332166): set_false_path -from [get_registers {*|alt_jtag_atlantic:*|wdata[*]}] -to [get_registers {*}]
        Info (332166): set_false_path -from [get_registers {*|alt_jtag_atlantic:*|wdata[*]}] -to [get_registers {*}]
        Info (332166): set_false_path -from [get_registers {*|alt_jtag_atlantic:*|wdata[*]}] -to [get_registers {*}]
        Info (332166): set_false_path -from [get_registers {*|alt_jtag_atlantic:*|write}] -to [get_registers {*|alt_jtag_atlantic:*|write1*}] 
        Info (332166): set_false_path -from [get_registers {*|alt_jtag_atlantic:*|write_stalled}] -to [get_registers {*|alt_jtag_atlantic:*|t_ena*}]
        Info (332166): set_false_path -from [get_registers {*|alt_jtag_atlantic:*|write_stalled}] -to [get_registers {*|alt_jtag_atlantic:*|t_pause*}]
        Info (332166): set_false_path -from [get_registers {*|alt_jtag_atlantic:*|write_valid}]
    Info (332165): Entity altera_std_synchronizer
        Info (332166): set_false_path -to [get_keepers {*altera_std_synchronizer:*|din_s1}]
    Info (332165): Entity sld_hub
        Info (332166): create_clock -name altera_reserved_tck [get_ports {altera_reserved_tck}] -period 30MHz   
        Info (332166): if { [string equal quartus_fit $::TimeQuestInfo(nameofexecutable)] } { set_max_delay -to [get_ports { altera_reserved_tdo } ] 0 }
        Info (332166): set_clock_groups -asynchronous -group {altera_reserved_tck}
Info (332104): Reading SDC File: 'socaudio/synthesis/submodules/altera_reset_controller.sdc'
Info (332104): Reading SDC File: 'socaudio/synthesis/submodules/socaudio_NIOS_cpu.sdc'
Warning (332060): Node: clk_fpga was determined to be a clock but was found without an associated clock assignment.
    Info (13166): Register socaudio:u_socaudio|socaudio_AUDIO:audio|altera_up_audio_out_serializer:Audio_Out_Serializer|serial_audio_out_data is being clocked by clk_fpga
Info (332143): No user constrained clock uncertainty found in the design. Calling "derive_clock_uncertainty"
Info (332123): Deriving Clock Uncertainty. Please refer to report_sdc in the Timing Analyzer to see clock uncertainties.
Critical Warning (308042): (High) Rule C105: Clock signal should be a global signal. (Reporting threshold:25). Found 1 node(s) related to this rule.
    Info (308076): The following clocks all contain more than 25 fanouts. You can either change the following clock signals to global signals, or adjust the reporting threshold in the Design Assistant Settings page.
    Critical Warning (308012): Node  "altera_internal_jtag~TCKUTAP"
Warning (308023): (Medium) Rule R102: External reset signals should be synchronized using two cascaded registers. Found 1 node(s) related to this rule.
    Warning (308010): Node  "rst_n" File: C:/Users/lobok/Desktop/Empotrados/soc_reproductor_audio/top.sv Line: 3
Info (308046): (Information) Rule T101: Nodes with more than the specified number of fan-outs. (Value defined:30). Found 65 node(s) with highest fan-out.
    Info (308011): Node  "clk_fpga~inputCLKENA0" File: C:/Users/lobok/Desktop/Empotrados/soc_reproductor_audio/top.sv Line: 2
    Info (308011): Node  "socaudio:u_socaudio|altera_reset_controller:rst_controller|r_sync_rst" File: C:/Users/lobok/Desktop/Empotrados/soc_reproductor_audio/socaudio/synthesis/submodules/altera_reset_controller.v Line: 288
    Info (308011): Node  "socaudio:u_socaudio|socaudio_AUDIO:audio|comb~0"
    Info (308011): Node  "socaudio:u_socaudio|socaudio_NIOS:nios|socaudio_NIOS_cpu:cpu|W_alu_result[2]" File: C:/Users/lobok/Desktop/Empotrados/soc_reproductor_audio/socaudio/synthesis/submodules/socaudio_NIOS_cpu.v Line: 4427
    Info (308011): Node  "socaudio:u_socaudio|socaudio_NIOS:nios|socaudio_NIOS_cpu:cpu|R_ctrl_shift_rot_right" File: C:/Users/lobok/Desktop/Empotrados/soc_reproductor_audio/socaudio/synthesis/submodules/socaudio_NIOS_cpu.v Line: 3392
    Info (308011): Node  "socaudio:u_socaudio|socaudio_NIOS:nios|socaudio_NIOS_cpu:cpu|F_valid~0" File: C:/Users/lobok/Desktop/Empotrados/soc_reproductor_audio/socaudio/synthesis/submodules/socaudio_NIOS_cpu.v Line: 3313
    Info (308011): Node  "socaudio:u_socaudio|socaudio_mm_interconnect_0:mm_interconnect_0|socaudio_mm_interconnect_0_cmd_demux_001:rsp_demux_002|src1_valid~0" File: C:/Users/lobok/Desktop/Empotrados/soc_reproductor_audio/socaudio/synthesis/submodules/socaudio_mm_interconnect_0_cmd_demux_001.sv Line: 65
    Info (308011): Node  "socaudio:u_socaudio|socaudio_mm_interconnect_0:mm_interconnect_0|socaudio_mm_interconnect_0_cmd_mux_002:cmd_mux_003|src_data[50]" File: C:/Users/lobok/Desktop/Empotrados/soc_reproductor_audio/socaudio/synthesis/submodules/socaudio_mm_interconnect_0_cmd_mux_002.sv Line: 75
    Info (308011): Node  "socaudio:u_socaudio|socaudio_mm_interconnect_0:mm_interconnect_0|socaudio_mm_interconnect_0_cmd_mux_002:cmd_mux_003|saved_grant[0]" File: C:/Users/lobok/Desktop/Empotrados/soc_reproductor_audio/socaudio/synthesis/submodules/socaudio_mm_interconnect_0_cmd_mux_002.sv Line: 245
    Info (308011): Node  "socaudio:u_socaudio|socaudio_NIOS:nios|socaudio_NIOS_cpu:cpu|R_ctrl_shift_rot" File: C:/Users/lobok/Desktop/Empotrados/soc_reproductor_audio/socaudio/synthesis/submodules/socaudio_NIOS_cpu.v Line: 3390
    Info (308011): Node  "socaudio:u_socaudio|socaudio_NIOS:nios|socaudio_NIOS_cpu:cpu|D_iw[11]" File: C:/Users/lobok/Desktop/Empotrados/soc_reproductor_audio/socaudio/synthesis/submodules/socaudio_NIOS_cpu.v Line: 3931
    Info (308011): Node  "socaudio:u_socaudio|socaudio_NIOS:nios|socaudio_NIOS_cpu:cpu|E_new_inst" File: C:/Users/lobok/Desktop/Empotrados/soc_reproductor_audio/socaudio/synthesis/submodules/socaudio_NIOS_cpu.v Line: 3115
    Info (308011): Node  "socaudio:u_socaudio|socaudio_NIOS:nios|socaudio_NIOS_cpu:cpu|R_ctrl_ld" File: C:/Users/lobok/Desktop/Empotrados/soc_reproductor_audio/socaudio/synthesis/submodules/socaudio_NIOS_cpu.v Line: 3358
    Info (308011): Node  "socaudio:u_socaudio|socaudio_NIOS:nios|socaudio_NIOS_cpu:cpu|D_iw[0]" File: C:/Users/lobok/Desktop/Empotrados/soc_reproductor_audio/socaudio/synthesis/submodules/socaudio_NIOS_cpu.v Line: 3931
    Info (308011): Node  "socaudio:u_socaudio|socaudio_mm_interconnect_0:mm_interconnect_0|socaudio_mm_interconnect_0_cmd_mux_002:cmd_mux_003|src_data[46]" File: C:/Users/lobok/Desktop/Empotrados/soc_reproductor_audio/socaudio/synthesis/submodules/socaudio_mm_interconnect_0_cmd_mux_002.sv Line: 75
    Info (308011): Node  "socaudio:u_socaudio|socaudio_mm_interconnect_0:mm_interconnect_0|socaudio_mm_interconnect_0_cmd_demux_001:rsp_demux_003|src1_valid~0" File: C:/Users/lobok/Desktop/Empotrados/soc_reproductor_audio/socaudio/synthesis/submodules/socaudio_mm_interconnect_0_cmd_demux_001.sv Line: 65
    Info (308011): Node  "socaudio:u_socaudio|socaudio_mm_interconnect_0:mm_interconnect_0|socaudio_mm_interconnect_0_cmd_demux_001:rsp_demux_002|src0_valid~0" File: C:/Users/lobok/Desktop/Empotrados/soc_reproductor_audio/socaudio/synthesis/submodules/socaudio_mm_interconnect_0_cmd_demux_001.sv Line: 58
    Info (308011): Node  "socaudio:u_socaudio|socaudio_mm_interconnect_0:mm_interconnect_0|socaudio_mm_interconnect_0_cmd_mux_002:cmd_mux_002|saved_grant[0]" File: C:/Users/lobok/Desktop/Empotrados/soc_reproductor_audio/socaudio/synthesis/submodules/socaudio_mm_interconnect_0_cmd_mux_002.sv Line: 245
    Info (308011): Node  "socaudio:u_socaudio|socaudio_NIOS:nios|socaudio_NIOS_cpu:cpu|D_iw[15]" File: C:/Users/lobok/Desktop/Empotrados/soc_reproductor_audio/socaudio/synthesis/submodules/socaudio_NIOS_cpu.v Line: 3931
    Info (308011): Node  "socaudio:u_socaudio|socaudio_NIOS:nios|socaudio_NIOS_cpu:cpu|D_iw[1]" File: C:/Users/lobok/Desktop/Empotrados/soc_reproductor_audio/socaudio/synthesis/submodules/socaudio_NIOS_cpu.v Line: 3931
    Info (308011): Node  "socaudio:u_socaudio|socaudio_mm_interconnect_0:mm_interconnect_0|socaudio_mm_interconnect_0_cmd_mux_002:cmd_mux_003|src_data[44]" File: C:/Users/lobok/Desktop/Empotrados/soc_reproductor_audio/socaudio/synthesis/submodules/socaudio_mm_interconnect_0_cmd_mux_002.sv Line: 75
    Info (308011): Node  "socaudio:u_socaudio|socaudio_NIOS:nios|socaudio_NIOS_cpu:cpu|D_iw[14]" File: C:/Users/lobok/Desktop/Empotrados/soc_reproductor_audio/socaudio/synthesis/submodules/socaudio_NIOS_cpu.v Line: 3931
    Info (308011): Node  "socaudio:u_socaudio|socaudio_mm_interconnect_0:mm_interconnect_0|socaudio_mm_interconnect_0_cmd_mux_002:cmd_mux_003|src_data[40]" File: C:/Users/lobok/Desktop/Empotrados/soc_reproductor_audio/socaudio/synthesis/submodules/socaudio_mm_interconnect_0_cmd_mux_002.sv Line: 75
    Info (308011): Node  "socaudio:u_socaudio|socaudio_mm_interconnect_0:mm_interconnect_0|socaudio_mm_interconnect_0_cmd_mux_002:cmd_mux_003|src_data[47]" File: C:/Users/lobok/Desktop/Empotrados/soc_reproductor_audio/socaudio/synthesis/submodules/socaudio_mm_interconnect_0_cmd_mux_002.sv Line: 75
    Info (308011): Node  "socaudio:u_socaudio|socaudio_NIOS:nios|socaudio_NIOS_cpu:cpu|D_iw[16]" File: C:/Users/lobok/Desktop/Empotrados/soc_reproductor_audio/socaudio/synthesis/submodules/socaudio_NIOS_cpu.v Line: 3931
    Info (308011): Node  "socaudio:u_socaudio|socaudio_mm_interconnect_0:mm_interconnect_0|socaudio_mm_interconnect_0_cmd_mux_002:cmd_mux_003|src_data[42]" File: C:/Users/lobok/Desktop/Empotrados/soc_reproductor_audio/socaudio/synthesis/submodules/socaudio_mm_interconnect_0_cmd_mux_002.sv Line: 75
    Info (308011): Node  "socaudio:u_socaudio|socaudio_NIOS:nios|socaudio_NIOS_cpu:cpu|D_iw[12]" File: C:/Users/lobok/Desktop/Empotrados/soc_reproductor_audio/socaudio/synthesis/submodules/socaudio_NIOS_cpu.v Line: 3931
    Info (308011): Node  "socaudio:u_socaudio|socaudio_mm_interconnect_0:mm_interconnect_0|socaudio_mm_interconnect_0_cmd_mux_002:cmd_mux_003|src_data[43]" File: C:/Users/lobok/Desktop/Empotrados/soc_reproductor_audio/socaudio/synthesis/submodules/socaudio_mm_interconnect_0_cmd_mux_002.sv Line: 75
    Info (308011): Node  "socaudio:u_socaudio|socaudio_NIOS:nios|socaudio_NIOS_cpu:cpu|D_iw[4]~DUPLICATE" File: C:/Users/lobok/Desktop/Empotrados/soc_reproductor_audio/socaudio/synthesis/submodules/socaudio_NIOS_cpu.v Line: 3931
    Info (308011): Node  "socaudio:u_socaudio|socaudio_NIOS:nios|socaudio_NIOS_cpu:cpu|socaudio_NIOS_cpu_nios2_oci:the_socaudio_NIOS_cpu_nios2_oci|address[8]" File: C:/Users/lobok/Desktop/Empotrados/soc_reproductor_audio/socaudio/synthesis/submodules/socaudio_NIOS_cpu.v Line: 2721
    Info (308002): Truncated list of Design Assistant messages to 30 messages. Go to sections under Design Assistant section of Compilation Report for complete lists of Design Assistant messages generated.
Info (308044): (Information) Rule T102: Top nodes with the highest number of fan-outs. (Value defined:50). Found 50 node(s) with highest fan-out.
    Info (308011): Node  "clk_fpga~inputCLKENA0" File: C:/Users/lobok/Desktop/Empotrados/soc_reproductor_audio/top.sv Line: 2
    Info (308011): Node  "socaudio:u_socaudio|altera_reset_controller:rst_controller|r_sync_rst" File: C:/Users/lobok/Desktop/Empotrados/soc_reproductor_audio/socaudio/synthesis/submodules/altera_reset_controller.v Line: 288
    Info (308011): Node  "altera_internal_jtag~TCKUTAP"
    Info (308011): Node  "socaudio:u_socaudio|socaudio_AUDIO:audio|comb~0"
    Info (308011): Node  "socaudio:u_socaudio|socaudio_NIOS:nios|socaudio_NIOS_cpu:cpu|W_alu_result[3]" File: C:/Users/lobok/Desktop/Empotrados/soc_reproductor_audio/socaudio/synthesis/submodules/socaudio_NIOS_cpu.v Line: 4427
    Info (308011): Node  "socaudio:u_socaudio|socaudio_NIOS:nios|socaudio_NIOS_cpu:cpu|W_alu_result[2]" File: C:/Users/lobok/Desktop/Empotrados/soc_reproductor_audio/socaudio/synthesis/submodules/socaudio_NIOS_cpu.v Line: 4427
    Info (308011): Node  "socaudio:u_socaudio|socaudio_RAM:ram|wren~0" File: C:/Users/lobok/Desktop/Empotrados/soc_reproductor_audio/socaudio/synthesis/submodules/socaudio_RAM.v Line: 57
    Info (308011): Node  "sld_hub:auto_hub|alt_sld_fab_with_jtag_input:\instrumentation_fabric_with_node_gen:fabric_gen_new_way:with_jtag_input_gen:instrumentation_fabric|alt_sld_fab:instrumentation_fabric|alt_sld_fab_alt_sld_fab:alt_sld_fab|alt_sld_fab_alt_sld_fab_sldfabric:sldfabric|sld_jtag_hub:\jtag_hub_gen:real_sld_jtag_hub|clr_reg" File: c:/intelfpga_lite/18.0/quartus/libraries/megafunctions/sld_jtag_hub.vhd Line: 255
    Info (308011): Node  "socaudio:u_socaudio|socaudio_mm_interconnect_0:mm_interconnect_0|socaudio_mm_interconnect_0_cmd_mux_002:cmd_mux_003|saved_grant[0]" File: C:/Users/lobok/Desktop/Empotrados/soc_reproductor_audio/socaudio/synthesis/submodules/socaudio_mm_interconnect_0_cmd_mux_002.sv Line: 245
    Info (308011): Node  "sld_hub:auto_hub|alt_sld_fab_with_jtag_input:\instrumentation_fabric_with_node_gen:fabric_gen_new_way:with_jtag_input_gen:instrumentation_fabric|alt_sld_fab:instrumentation_fabric|alt_sld_fab_alt_sld_fab:alt_sld_fab|alt_sld_fab_alt_sld_fab_sldfabric:sldfabric|sld_jtag_hub:\jtag_hub_gen:real_sld_jtag_hub|sld_shadow_jsm:shadow_jsm|state[4]" File: c:/intelfpga_lite/18.0/quartus/libraries/megafunctions/sld_hub.vhd Line: 1584
    Info (308011): Node  "socaudio:u_socaudio|socaudio_mm_interconnect_0:mm_interconnect_0|socaudio_mm_interconnect_0_cmd_mux_002:cmd_mux_002|saved_grant[0]" File: C:/Users/lobok/Desktop/Empotrados/soc_reproductor_audio/socaudio/synthesis/submodules/socaudio_mm_interconnect_0_cmd_mux_002.sv Line: 245
    Info (308011): Node  "socaudio:u_socaudio|socaudio_NIOS:nios|socaudio_NIOS_cpu:cpu|E_new_inst" File: C:/Users/lobok/Desktop/Empotrados/soc_reproductor_audio/socaudio/synthesis/submodules/socaudio_NIOS_cpu.v Line: 3115
    Info (308011): Node  "socaudio:u_socaudio|socaudio_NIOS:nios|socaudio_NIOS_cpu:cpu|socaudio_NIOS_cpu_nios2_oci:the_socaudio_NIOS_cpu_nios2_oci|socaudio_NIOS_cpu_nios2_ocimem:the_socaudio_NIOS_cpu_nios2_ocimem|jtag_ram_access~DUPLICATE" File: C:/Users/lobok/Desktop/Empotrados/soc_reproductor_audio/socaudio/synthesis/submodules/socaudio_NIOS_cpu.v Line: 2229
    Info (308011): Node  "sld_hub:auto_hub|alt_sld_fab_with_jtag_input:\instrumentation_fabric_with_node_gen:fabric_gen_new_way:with_jtag_input_gen:instrumentation_fabric|alt_sld_fab:instrumentation_fabric|alt_sld_fab_alt_sld_fab:alt_sld_fab|alt_sld_fab_alt_sld_fab_sldfabric:sldfabric|sld_jtag_hub:\jtag_hub_gen:real_sld_jtag_hub|irf_reg[2][1]" File: c:/intelfpga_lite/18.0/quartus/libraries/megafunctions/sld_jtag_hub.vhd Line: 791
    Info (308011): Node  "socaudio:u_socaudio|socaudio_NIOS:nios|socaudio_NIOS_cpu:cpu|av_ld_aligning_data" File: C:/Users/lobok/Desktop/Empotrados/soc_reproductor_audio/socaudio/synthesis/submodules/socaudio_NIOS_cpu.v Line: 3466
    Info (308011): Node  "sld_hub:auto_hub|alt_sld_fab_with_jtag_input:\instrumentation_fabric_with_node_gen:fabric_gen_new_way:with_jtag_input_gen:instrumentation_fabric|alt_sld_fab:instrumentation_fabric|alt_sld_fab_alt_sld_fab:alt_sld_fab|alt_sld_fab_alt_sld_fab_sldfabric:sldfabric|sld_jtag_hub:\jtag_hub_gen:real_sld_jtag_hub|virtual_ir_scan_reg" File: c:/intelfpga_lite/18.0/quartus/libraries/megafunctions/sld_jtag_hub.vhd Line: 247
    Info (308011): Node  "socaudio:u_socaudio|socaudio_NIOS:nios|socaudio_NIOS_cpu:cpu|R_logic_op[0]" File: C:/Users/lobok/Desktop/Empotrados/soc_reproductor_audio/socaudio/synthesis/submodules/socaudio_NIOS_cpu.v Line: 3994
    Info (308011): Node  "socaudio:u_socaudio|socaudio_NIOS:nios|socaudio_NIOS_cpu:cpu|R_logic_op[1]" File: C:/Users/lobok/Desktop/Empotrados/soc_reproductor_audio/socaudio/synthesis/submodules/socaudio_NIOS_cpu.v Line: 3994
    Info (308011): Node  "socaudio:u_socaudio|socaudio_NIOS:nios|socaudio_NIOS_cpu:cpu|F_valid~0" File: C:/Users/lobok/Desktop/Empotrados/soc_reproductor_audio/socaudio/synthesis/submodules/socaudio_NIOS_cpu.v Line: 3313
    Info (308011): Node  "socaudio:u_socaudio|socaudio_NIOS:nios|socaudio_NIOS_cpu:cpu|socaudio_NIOS_cpu_nios2_oci:the_socaudio_NIOS_cpu_nios2_oci|socaudio_NIOS_cpu_debug_slave_wrapper:the_socaudio_NIOS_cpu_debug_slave_wrapper|socaudio_NIOS_cpu_debug_slave_sysclk:the_socaudio_NIOS_cpu_debug_slave_sysclk|update_jdo_strobe" File: C:/Users/lobok/Desktop/Empotrados/soc_reproductor_audio/socaudio/synthesis/submodules/socaudio_NIOS_cpu_debug_slave_sysclk.v Line: 82
    Info (308011): Node  "socaudio:u_socaudio|socaudio_NIOS:nios|socaudio_NIOS_cpu:cpu|D_iw[15]" File: C:/Users/lobok/Desktop/Empotrados/soc_reproductor_audio/socaudio/synthesis/submodules/socaudio_NIOS_cpu.v Line: 3931
    Info (308011): Node  "socaudio:u_socaudio|socaudio_NIOS:nios|socaudio_NIOS_cpu:cpu|D_iw[12]" File: C:/Users/lobok/Desktop/Empotrados/soc_reproductor_audio/socaudio/synthesis/submodules/socaudio_NIOS_cpu.v Line: 3931
    Info (308011): Node  "socaudio:u_socaudio|socaudio_NIOS:nios|socaudio_NIOS_cpu:cpu|D_iw[16]" File: C:/Users/lobok/Desktop/Empotrados/soc_reproductor_audio/socaudio/synthesis/submodules/socaudio_NIOS_cpu.v Line: 3931
    Info (308011): Node  "socaudio:u_socaudio|socaudio_NIOS:nios|socaudio_NIOS_cpu:cpu|D_iw[14]" File: C:/Users/lobok/Desktop/Empotrados/soc_reproductor_audio/socaudio/synthesis/submodules/socaudio_NIOS_cpu.v Line: 3931
    Info (308011): Node  "socaudio:u_socaudio|socaudio_NIOS:nios|socaudio_NIOS_cpu:cpu|D_iw[13]" File: C:/Users/lobok/Desktop/Empotrados/soc_reproductor_audio/socaudio/synthesis/submodules/socaudio_NIOS_cpu.v Line: 3931
    Info (308011): Node  "sld_hub:auto_hub|alt_sld_fab_with_jtag_input:\instrumentation_fabric_with_node_gen:fabric_gen_new_way:with_jtag_input_gen:instrumentation_fabric|alt_sld_fab:instrumentation_fabric|alt_sld_fab_alt_sld_fab:alt_sld_fab|alt_sld_fab_alt_sld_fab_sldfabric:sldfabric|sld_jtag_hub:\jtag_hub_gen:real_sld_jtag_hub|sld_shadow_jsm:shadow_jsm|state[3]" File: c:/intelfpga_lite/18.0/quartus/libraries/megafunctions/sld_hub.vhd Line: 1584
    Info (308011): Node  "socaudio:u_socaudio|socaudio_NIOS:nios|socaudio_NIOS_cpu:cpu|D_iw[4]~DUPLICATE" File: C:/Users/lobok/Desktop/Empotrados/soc_reproductor_audio/socaudio/synthesis/submodules/socaudio_NIOS_cpu.v Line: 3931
    Info (308011): Node  "socaudio:u_socaudio|socaudio_NIOS:nios|socaudio_NIOS_cpu:cpu|socaudio_NIOS_cpu_nios2_oci:the_socaudio_NIOS_cpu_nios2_oci|socaudio_NIOS_cpu_debug_slave_wrapper:the_socaudio_NIOS_cpu_debug_slave_wrapper|socaudio_NIOS_cpu_debug_slave_sysclk:the_socaudio_NIOS_cpu_debug_slave_sysclk|take_action_ocimem_b" File: C:/Users/lobok/Desktop/Empotrados/soc_reproductor_audio/socaudio/synthesis/submodules/socaudio_NIOS_cpu_debug_slave_sysclk.v Line: 49
    Info (308011): Node  "socaudio:u_socaudio|socaudio_NIOS:nios|socaudio_NIOS_cpu:cpu|socaudio_NIOS_cpu_nios2_oci:the_socaudio_NIOS_cpu_nios2_oci|socaudio_NIOS_cpu_debug_slave_wrapper:the_socaudio_NIOS_cpu_debug_slave_wrapper|sld_virtual_jtag_basic:socaudio_NIOS_cpu_debug_slave_phy|virtual_state_sdr~0" File: c:/intelfpga_lite/18.0/quartus/libraries/megafunctions/sld_virtual_jtag_basic.v Line: 91
    Info (308011): Node  "socaudio:u_socaudio|socaudio_mm_interconnect_0:mm_interconnect_0|socaudio_mm_interconnect_0_cmd_demux_001:rsp_demux_003|src1_valid~0" File: C:/Users/lobok/Desktop/Empotrados/soc_reproductor_audio/socaudio/synthesis/submodules/socaudio_mm_interconnect_0_cmd_demux_001.sv Line: 65
    Info (308002): Truncated list of Design Assistant messages to 30 messages. Go to sections under Design Assistant section of Compilation Report for complete lists of Design Assistant messages generated.
Info (308007): Design Assistant information: finished post-fitting analysis of current design -- generated 115 information messages and 2 warning messages
Info: Quartus Prime Design Assistant was successful. 0 errors, 6 warnings
    Info: Peak virtual memory: 4850 megabytes
    Info: Processing ended: Sat Jun 07 02:33:04 2025
    Info: Elapsed time: 00:00:03
    Info: Total CPU time (on all processors): 00:00:03


