18:19:12 **** Build of configuration Nios II for project audio_nios ****
make all 
Info: Building ../audio_nios_bsp/
C:/intelFPGA_lite/18.0/nios2eds/bin/gnu/H-x86_64-mingw32/bin/make --no-print-directory -C ../audio_nios_bsp/
[BSP build complete]
Info: Compiling hello_world_small.c to obj/default/hello_world_small.o
nios2-elf-gcc -xc -MP -MMD -c -I../audio_nios_bsp//HAL/inc -I../audio_nios_bsp/ -I../audio_nios_bsp//drivers/inc  -pipe -D__hal__ -DALT_NO_C_PLUS_PLUS -DALT_NO_CLEAN_EXIT -D'exit(a)=_exit(a)' -DALT_NO_EXIT -DALT_USE_DIRECT_DRIVERS -DALT_NO_INSTRUCTION_EMULATION -DALT_USE_SMALL_DRIVERS -DSMALL_C_LIB -DALT_SINGLE_THREADED    -Os -g -Wall   -mno-hw-div -mhw-mul -mno-hw-mulx -mgpopt=global  -o obj/default/hello_world_small.o hello_world_small.c
hello_world_small.c:8:0: warning: "TIMER_BASE" redefined
 #define TIMER_BASE   0x4020
 ^
In file included from ../audio_nios_bsp//HAL/inc/sys/alt_irq.h:52:0,
                 from hello_world_small.c:3:
../audio_nios_bsp/system.h:310:0: note: this is the location of the previous definition
 #define TIMER_BASE 0x9000
 ^
hello_world_small.c: In function 'main':
hello_world_small.c:27:2: warning: implicit declaration of function 'alt_ic_isr_register' [-Wimplicit-function-declaration]
  alt_ic_isr_register(0x0,0x2, timer_ir_handler, 0x0, 0x0);
  ^
hello_world_small.c:20:26: warning: unused variable 'timer_snapl_ptr' [-Wunused-variable]
  volatile unsigned int * timer_snapl_ptr = timer_status_ptr + 4; //offset 4
                          ^
hello_world_small.c:17:26: warning: unused variable 'button_ptr' [-Wunused-variable]
  volatile unsigned int * button_ptr = (unsigned int *) BUTTON_BASE;
                          ^
Info: Linking audio_nios.elf
nios2-elf-g++  -T'../audio_nios_bsp//linker.x' -msys-crt0='../audio_nios_bsp//obj/HAL/src/crt0.o' -msys-lib=hal_bsp -L../audio_nios_bsp/  -msmallc  -Wl,-Map=audio_nios.map   -Os -g -Wall   -mno-hw-div -mhw-mul -mno-hw-mulx -mgpopt=global  -o audio_nios.elf obj/default/hello_world_small.o -lm -msys-lib=m
obj/default/hello_world_small.o: In function `main':
C:\Users\lobok\Desktop\Empotrados\soc_reproductor_audio\software\audio_nios/hello_world_small.c:27: undefined reference to `alt_ic_isr_register'
collect2.exe: error: ld returned 1 exit status
make: *** [audio_nios.elf] Error 1
